12:34:08.069 [main] INFO  - Goto my account-->Click on Login.. 
12:34:08.472 [main] INFO  - Entering email and password.. 
12:34:09.191 [main] INFO  - clicked on login button...
06:46:21.630 [main] INFO  - Goto my account-->Click on Login.. 
06:46:21.962 [main] INFO  - Entering email and password.. 
06:46:22.621 [main] INFO  - clicked on login button...
06:47:57.513 [main] INFO  - Goto my account-->Click on Login.. 
06:47:57.811 [main] INFO  - Entering email and password.. 
06:47:58.207 [main] INFO  - clicked on login button...
06:50:10.817 [main] INFO  - Goto my account-->Click on Login.. 
06:50:11.130 [main] INFO  - Entering email and password.. 
06:50:11.533 [main] INFO  - clicked on login button...
06:52:08.767 [main] INFO  - Goto my account-->Click on Login.. 
06:52:09.117 [main] INFO  - Entering email and password.. 
06:52:09.766 [main] INFO  - clicked on login button...
07:00:47.456 [main] INFO  - Goto my account-->Click on Login.. 
07:00:47.803 [main] INFO  - Entering email and password.. 
07:00:48.323 [main] INFO  - clicked on login button...
07:00:51.046 [main] INFO  - Goto my account-->Click on Login.. 
07:00:51.373 [main] INFO  - Entering email and password.. 
07:00:51.926 [main] INFO  - clicked on login button...
07:00:54.338 [main] INFO  - Goto my account-->Click on Login.. 
07:00:54.669 [main] INFO  - Entering email and password.. 
07:00:55.187 [main] INFO  - clicked on login button...
07:11:53.133 [main] INFO  - Goto my account-->Click on Login.. 
07:11:53.468 [main] INFO  - Entering email and password.. 
07:11:54.176 [main] INFO  - clicked on login button...
07:11:56.731 [main] INFO  - Goto my account-->Click on Login.. 
07:11:57.045 [main] INFO  - Entering email and password.. 
07:11:57.574 [main] INFO  - clicked on login button...
07:11:59.911 [main] INFO  - Goto my account-->Click on Login.. 
07:12:00.221 [main] INFO  - Entering email and password.. 
07:12:00.885 [main] INFO  - clicked on login button...
07:13:38.139 [main] INFO  - Goto my account-->Click on Login.. 
07:13:38.455 [main] INFO  - Entering email and password.. 
07:13:39.116 [main] INFO  - clicked on login button...
07:13:41.541 [main] INFO  - Goto my account-->Click on Login.. 
07:13:41.876 [main] INFO  - Entering email and password.. 
07:13:42.421 [main] INFO  - clicked on login button...
07:13:44.854 [main] INFO  - Goto my account-->Click on Login.. 
07:13:45.177 [main] INFO  - Entering email and password.. 
07:13:45.717 [main] INFO  - clicked on login button...
07:14:47.390 [main] INFO  - Goto my account-->Click on Login.. 
07:14:47.694 [main] INFO  - Entering email and password.. 
07:14:48.316 [main] INFO  - clicked on login button...
07:14:50.739 [main] INFO  - Goto my account-->Click on Login.. 
07:14:51.043 [main] INFO  - Entering email and password.. 
07:14:51.584 [main] INFO  - clicked on login button...
07:14:53.942 [main] INFO  - Goto my account-->Click on Login.. 
07:14:54.273 [main] INFO  - Entering email and password.. 
07:14:54.945 [main] INFO  - clicked on login button...
07:20:34.192 [main] INFO  - Goto my account-->Click on Login.. 
07:20:34.516 [main] INFO  - Entering email and password.. 
07:20:35.122 [main] INFO  - clicked on login button...
07:20:37.655 [main] INFO  - Goto my account-->Click on Login.. 
07:20:37.968 [main] INFO  - Entering email and password.. 
07:20:38.461 [main] INFO  - clicked on login button...
07:20:40.768 [main] INFO  - Goto my account-->Click on Login.. 
07:20:41.095 [main] INFO  - Entering email and password.. 
07:20:41.745 [main] INFO  - clicked on login button...
07:22:26.944 [main] INFO  - Goto my account-->Click on Login.. 
07:22:29.815 [main] INFO  - Goto my account-->Click on Login.. 
07:22:32.624 [main] INFO  - Goto my account-->Click on Login.. 
07:22:35.437 [main] INFO  - Goto my account-->Click on Login.. 
07:22:38.268 [main] INFO  - Goto my account-->Click on Login.. 
07:25:08.421 [main] INFO  - Goto my account-->Click on Login.. 
07:25:08.837 [main] DEBUG - Parsing relationship: /xl/_rels/workbook.xml.rels
07:25:08.839 [main] DEBUG - Parsing relationship: /xl/worksheets/_rels/sheet1.xml.rels
07:25:08.841 [main] DEBUG - Parsing relationship: /_rels/.rels
07:25:08.949 [main] TRACE - Loading type system org.apache.poi.schemas.ooxml.system.ooxml
07:25:08.951 [main] TRACE - Loading type system org.apache.xmlbeans.metadata.system.sXMLCONFIG
07:25:08.952 [main] TRACE - Loading type system org.apache.xmlbeans.metadata.system.sXMLLANG
07:25:08.952 [main] TRACE - Loading type system org.apache.xmlbeans.metadata.system.sXMLSCHEMA
07:25:08.952 [main] TRACE - Loading type system org.apache.xmlbeans.metadata.system.sXMLTOOLS
07:25:08.953 [main] TRACE - Reading unresolved handles for type system org.apache.xmlbeans.metadata.system.sXMLTOOLS
07:25:08.961 [main] TRACE - Finished loading type system org.apache.xmlbeans.metadata.system.sXMLTOOLS
07:25:08.962 [main] TRACE - Reading unresolved handles for type system org.apache.xmlbeans.metadata.system.sXMLSCHEMA
07:25:08.965 [main] TRACE - Finished loading type system org.apache.xmlbeans.metadata.system.sXMLSCHEMA
07:25:08.966 [main] TRACE - Reading unresolved handles for type system org.apache.xmlbeans.metadata.system.sXMLLANG
07:25:08.966 [main] TRACE - Finished loading type system org.apache.xmlbeans.metadata.system.sXMLLANG
07:25:08.967 [main] TRACE - Reading unresolved handles for type system org.apache.xmlbeans.metadata.system.sXMLCONFIG
07:25:08.967 [main] TRACE - Finished loading type system org.apache.xmlbeans.metadata.system.sXMLCONFIG
07:25:08.968 [main] TRACE - Reading unresolved handles for type system org.apache.poi.schemas.ooxml.system.ooxml
07:25:08.996 [main] TRACE - Finished loading type system org.apache.poi.schemas.ooxml.system.ooxml
07:25:08.996 [main] TRACE - Resolving type for handle themefd26doctype
07:25:09.035 [main] TRACE - Resolving type for handle stylesheet5d8bdoctype
07:25:09.040 [main] TRACE - Resolving type for handle ctstylesheet4257type
07:25:09.043 [main] TRACE - Resolving type for handle ctfonts6623type
07:25:09.046 [main] TRACE - Resolving type for handle ctfont14d8type
07:25:09.048 [main] TRACE - Resolving type for handle ctfills2c6ftype
07:25:09.050 [main] TRACE - Resolving type for handle ctfill550ctype
07:25:09.051 [main] TRACE - Resolving type for handle ctborders0d66type
07:25:09.053 [main] TRACE - Resolving type for handle ctborderf935type
07:25:09.055 [main] TRACE - Resolving type for handle ctcellxfs1322type
07:25:09.057 [main] TRACE - Resolving type for handle ctxf97f7type
07:25:09.059 [main] TRACE - Resolving type for handle ctcellstylexfsa81ftype
07:25:09.060 [main] TRACE - Resolving type for handle ctdxfsb26atype
07:25:09.062 [main] TRACE - Resolving type for handle cttablestyles872ftype
07:25:09.064 [main] TRACE - Resolving type for handle sstf81fdoctype
07:25:09.067 [main] TRACE - Resolving type for handle ctsst44f3type
07:25:09.073 [main] TRACE - Resolving type for handle ctrsta472type
07:25:09.083 [main] DEBUG - using default POIXMLDocumentPart for http://schemas.openxmlformats.org/officeDocument/2006/relationships/printerSettings
07:25:09.084 [main] TRACE - Resolving type for handle workbookec17doctype
07:25:09.087 [main] TRACE - Resolving type for handle ctworkbook83c3type
07:25:09.089 [main] TRACE - Resolving type for handle ctsheets49fdtype
07:25:09.090 [main] TRACE - Resolving type for handle ctsheet4dbetype
07:25:09.091 [main] TRACE - Resolving type for handle strelationshipid1e94type
07:25:09.092 [main] TRACE - Resolving type for handle worksheetf539doctype
07:25:09.095 [main] TRACE - Resolving type for handle ctworksheet530dtype
07:25:09.098 [main] TRACE - Resolving type for handle ctsheetdata8408type
07:25:09.099 [main] TRACE - Resolving type for handle ctrowdd39type
07:25:09.102 [main] TRACE - Resolving type for handle ctcell842btype
07:25:09.106 [main] TRACE - Resolving type for handle stcellrefe4e0type
07:25:09.110 [main] TRACE - Resolving type for handle ctcols627ctype
07:25:09.114 [main] TRACE - Resolving type for handle ctcola95ftype
07:25:09.123 [main] TRACE - Resolving type for handle cthyperlinks6416type
07:25:09.125 [main] TRACE - Resolving type for handle cthyperlink0c85type
07:25:09.129 [main] TRACE - Resolving type for handle stxstringf179type
07:25:09.130 [main] TRACE - Resolving type for handle stcelltypebf95type
07:25:12.661 [main] INFO  - Goto my account-->Click on Login.. 
07:25:12.992 [main] DEBUG - Parsing relationship: /xl/_rels/workbook.xml.rels
07:25:12.992 [main] DEBUG - Parsing relationship: /xl/worksheets/_rels/sheet1.xml.rels
07:25:12.993 [main] DEBUG - Parsing relationship: /_rels/.rels
07:25:13.005 [main] DEBUG - using default POIXMLDocumentPart for http://schemas.openxmlformats.org/officeDocument/2006/relationships/printerSettings
07:25:26.498 [main] INFO  - Goto my account-->Click on Login.. 
07:25:26.834 [main] DEBUG - Parsing relationship: /xl/_rels/workbook.xml.rels
07:25:26.834 [main] DEBUG - Parsing relationship: /xl/worksheets/_rels/sheet1.xml.rels
07:25:26.835 [main] DEBUG - Parsing relationship: /_rels/.rels
07:25:26.849 [main] DEBUG - using default POIXMLDocumentPart for http://schemas.openxmlformats.org/officeDocument/2006/relationships/printerSettings
07:25:30.295 [main] INFO  - Goto my account-->Click on Login.. 
07:25:30.611 [main] DEBUG - Parsing relationship: /xl/_rels/workbook.xml.rels
07:25:30.611 [main] DEBUG - Parsing relationship: /xl/worksheets/_rels/sheet1.xml.rels
07:25:30.612 [main] DEBUG - Parsing relationship: /_rels/.rels
07:25:30.623 [main] DEBUG - using default POIXMLDocumentPart for http://schemas.openxmlformats.org/officeDocument/2006/relationships/printerSettings
07:25:44.436 [main] INFO  - Goto my account-->Click on Login.. 
07:25:44.757 [main] DEBUG - Parsing relationship: /xl/_rels/workbook.xml.rels
07:25:44.758 [main] DEBUG - Parsing relationship: /xl/worksheets/_rels/sheet1.xml.rels
07:25:44.759 [main] DEBUG - Parsing relationship: /_rels/.rels
07:25:44.774 [main] DEBUG - using default POIXMLDocumentPart for http://schemas.openxmlformats.org/officeDocument/2006/relationships/printerSettings
07:31:10.536 [main] INFO  - Goto my account-->Click on Login.. 
07:31:10.858 [main] INFO  - Entering email and password.. 
07:31:11.509 [main] INFO  - clicked on login button...
07:31:14.306 [main] INFO  - Goto my account-->Click on Login.. 
07:31:14.648 [main] INFO  - Entering email and password.. 
07:31:15.159 [main] INFO  - clicked on login button...
07:31:17.532 [main] INFO  - Goto my account-->Click on Login.. 
07:31:17.853 [main] INFO  - Entering email and password.. 
07:31:18.531 [main] INFO  - clicked on login button...
07:31:21.239 [main] INFO  - Goto my account-->Click on Login.. 
07:31:21.618 [main] DEBUG - Parsing relationship: /xl/_rels/workbook.xml.rels
07:31:21.621 [main] DEBUG - Parsing relationship: /xl/worksheets/_rels/sheet1.xml.rels
07:31:21.622 [main] DEBUG - Parsing relationship: /_rels/.rels
07:31:21.702 [main] TRACE - Loading type system org.apache.poi.schemas.ooxml.system.ooxml
07:31:21.704 [main] TRACE - Loading type system org.apache.xmlbeans.metadata.system.sXMLCONFIG
07:31:21.705 [main] TRACE - Loading type system org.apache.xmlbeans.metadata.system.sXMLLANG
07:31:21.705 [main] TRACE - Loading type system org.apache.xmlbeans.metadata.system.sXMLSCHEMA
07:31:21.705 [main] TRACE - Loading type system org.apache.xmlbeans.metadata.system.sXMLTOOLS
07:31:21.706 [main] TRACE - Reading unresolved handles for type system org.apache.xmlbeans.metadata.system.sXMLTOOLS
07:31:21.712 [main] TRACE - Finished loading type system org.apache.xmlbeans.metadata.system.sXMLTOOLS
07:31:21.712 [main] TRACE - Reading unresolved handles for type system org.apache.xmlbeans.metadata.system.sXMLSCHEMA
07:31:21.714 [main] TRACE - Finished loading type system org.apache.xmlbeans.metadata.system.sXMLSCHEMA
07:31:21.715 [main] TRACE - Reading unresolved handles for type system org.apache.xmlbeans.metadata.system.sXMLLANG
07:31:21.715 [main] TRACE - Finished loading type system org.apache.xmlbeans.metadata.system.sXMLLANG
07:31:21.716 [main] TRACE - Reading unresolved handles for type system org.apache.xmlbeans.metadata.system.sXMLCONFIG
07:31:21.716 [main] TRACE - Finished loading type system org.apache.xmlbeans.metadata.system.sXMLCONFIG
07:31:21.717 [main] TRACE - Reading unresolved handles for type system org.apache.poi.schemas.ooxml.system.ooxml
07:31:21.755 [main] TRACE - Finished loading type system org.apache.poi.schemas.ooxml.system.ooxml
07:31:21.756 [main] TRACE - Resolving type for handle themefd26doctype
07:31:21.793 [main] TRACE - Resolving type for handle stylesheet5d8bdoctype
07:31:21.797 [main] TRACE - Resolving type for handle ctstylesheet4257type
07:31:21.800 [main] TRACE - Resolving type for handle ctfonts6623type
07:31:21.802 [main] TRACE - Resolving type for handle ctfont14d8type
07:31:21.805 [main] TRACE - Resolving type for handle ctfills2c6ftype
07:31:21.806 [main] TRACE - Resolving type for handle ctfill550ctype
07:31:21.807 [main] TRACE - Resolving type for handle ctborders0d66type
07:31:21.809 [main] TRACE - Resolving type for handle ctborderf935type
07:31:21.812 [main] TRACE - Resolving type for handle ctcellxfs1322type
07:31:21.813 [main] TRACE - Resolving type for handle ctxf97f7type
07:31:21.815 [main] TRACE - Resolving type for handle ctcellstylexfsa81ftype
07:31:21.816 [main] TRACE - Resolving type for handle ctdxfsb26atype
07:31:21.818 [main] TRACE - Resolving type for handle cttablestyles872ftype
07:31:21.821 [main] TRACE - Resolving type for handle sstf81fdoctype
07:31:21.823 [main] TRACE - Resolving type for handle ctsst44f3type
07:31:21.828 [main] TRACE - Resolving type for handle ctrsta472type
07:31:21.839 [main] DEBUG - using default POIXMLDocumentPart for http://schemas.openxmlformats.org/officeDocument/2006/relationships/printerSettings
07:31:21.840 [main] TRACE - Resolving type for handle workbookec17doctype
07:31:21.843 [main] TRACE - Resolving type for handle ctworkbook83c3type
07:31:21.846 [main] TRACE - Resolving type for handle ctsheets49fdtype
07:31:21.847 [main] TRACE - Resolving type for handle ctsheet4dbetype
07:31:21.848 [main] TRACE - Resolving type for handle strelationshipid1e94type
07:31:21.849 [main] TRACE - Resolving type for handle worksheetf539doctype
07:31:21.851 [main] TRACE - Resolving type for handle ctworksheet530dtype
07:31:21.855 [main] TRACE - Resolving type for handle ctsheetdata8408type
07:31:21.856 [main] TRACE - Resolving type for handle ctrowdd39type
07:31:21.858 [main] TRACE - Resolving type for handle ctcell842btype
07:31:21.862 [main] TRACE - Resolving type for handle stcellrefe4e0type
07:31:21.866 [main] TRACE - Resolving type for handle ctcols627ctype
07:31:21.868 [main] TRACE - Resolving type for handle ctcola95ftype
07:31:21.877 [main] TRACE - Resolving type for handle cthyperlinks6416type
07:31:21.878 [main] TRACE - Resolving type for handle cthyperlink0c85type
07:31:21.881 [main] TRACE - Resolving type for handle stxstringf179type
07:31:21.882 [main] TRACE - Resolving type for handle stcelltypebf95type
07:31:25.423 [main] INFO  - Goto my account-->Click on Login.. 
07:31:25.771 [main] DEBUG - Parsing relationship: /xl/_rels/workbook.xml.rels
07:31:25.772 [main] DEBUG - Parsing relationship: /xl/worksheets/_rels/sheet1.xml.rels
07:31:25.773 [main] DEBUG - Parsing relationship: /_rels/.rels
07:31:25.780 [main] DEBUG - using default POIXMLDocumentPart for http://schemas.openxmlformats.org/officeDocument/2006/relationships/printerSettings
07:31:38.700 [main] INFO  - Goto my account-->Click on Login.. 
07:31:39.043 [main] DEBUG - Parsing relationship: /xl/_rels/workbook.xml.rels
07:31:39.045 [main] DEBUG - Parsing relationship: /xl/worksheets/_rels/sheet1.xml.rels
07:31:39.046 [main] DEBUG - Parsing relationship: /_rels/.rels
07:31:39.061 [main] DEBUG - using default POIXMLDocumentPart for http://schemas.openxmlformats.org/officeDocument/2006/relationships/printerSettings
07:31:42.470 [main] INFO  - Goto my account-->Click on Login.. 
07:31:42.829 [main] DEBUG - Parsing relationship: /xl/_rels/workbook.xml.rels
07:31:42.830 [main] DEBUG - Parsing relationship: /xl/worksheets/_rels/sheet1.xml.rels
07:31:42.831 [main] DEBUG - Parsing relationship: /_rels/.rels
07:31:42.839 [main] DEBUG - using default POIXMLDocumentPart for http://schemas.openxmlformats.org/officeDocument/2006/relationships/printerSettings
07:31:56.152 [main] INFO  - Goto my account-->Click on Login.. 
07:31:56.495 [main] DEBUG - Parsing relationship: /xl/_rels/workbook.xml.rels
07:31:56.497 [main] DEBUG - Parsing relationship: /xl/worksheets/_rels/sheet1.xml.rels
07:31:56.497 [main] DEBUG - Parsing relationship: /_rels/.rels
07:31:56.510 [main] DEBUG - using default POIXMLDocumentPart for http://schemas.openxmlformats.org/officeDocument/2006/relationships/printerSettings
07:41:00.185 [main] INFO  - Goto my account-->Click on Login.. 
07:41:03.182 [main] INFO  - Goto my account-->Click on Login.. 
07:41:06.201 [main] INFO  - Goto my account-->Click on Login.. 
07:41:09.083 [main] INFO  - Goto my account-->Click on Login.. 
07:41:11.890 [main] INFO  - Goto my account-->Click on Login.. 
07:41:36.383 [main] INFO  - Goto my account-->Click on Login.. 
07:41:36.763 [main] DEBUG - Parsing relationship: /xl/_rels/workbook.xml.rels
07:41:36.766 [main] DEBUG - Parsing relationship: /xl/worksheets/_rels/sheet1.xml.rels
07:41:36.768 [main] DEBUG - Parsing relationship: /_rels/.rels
07:41:36.845 [main] TRACE - Loading type system org.apache.poi.schemas.ooxml.system.ooxml
07:41:36.846 [main] TRACE - Loading type system org.apache.xmlbeans.metadata.system.sXMLCONFIG
07:41:36.847 [main] TRACE - Loading type system org.apache.xmlbeans.metadata.system.sXMLLANG
07:41:36.848 [main] TRACE - Loading type system org.apache.xmlbeans.metadata.system.sXMLSCHEMA
07:41:36.848 [main] TRACE - Loading type system org.apache.xmlbeans.metadata.system.sXMLTOOLS
07:41:36.848 [main] TRACE - Reading unresolved handles for type system org.apache.xmlbeans.metadata.system.sXMLTOOLS
07:41:36.855 [main] TRACE - Finished loading type system org.apache.xmlbeans.metadata.system.sXMLTOOLS
07:41:36.855 [main] TRACE - Reading unresolved handles for type system org.apache.xmlbeans.metadata.system.sXMLSCHEMA
07:41:36.858 [main] TRACE - Finished loading type system org.apache.xmlbeans.metadata.system.sXMLSCHEMA
07:41:36.859 [main] TRACE - Reading unresolved handles for type system org.apache.xmlbeans.metadata.system.sXMLLANG
07:41:36.860 [main] TRACE - Finished loading type system org.apache.xmlbeans.metadata.system.sXMLLANG
07:41:36.861 [main] TRACE - Reading unresolved handles for type system org.apache.xmlbeans.metadata.system.sXMLCONFIG
07:41:36.861 [main] TRACE - Finished loading type system org.apache.xmlbeans.metadata.system.sXMLCONFIG
07:41:36.862 [main] TRACE - Reading unresolved handles for type system org.apache.poi.schemas.ooxml.system.ooxml
07:41:36.889 [main] TRACE - Finished loading type system org.apache.poi.schemas.ooxml.system.ooxml
07:41:36.889 [main] TRACE - Resolving type for handle themefd26doctype
07:41:36.921 [main] TRACE - Resolving type for handle stylesheet5d8bdoctype
07:41:36.925 [main] TRACE - Resolving type for handle ctstylesheet4257type
07:41:36.928 [main] TRACE - Resolving type for handle ctfonts6623type
07:41:36.930 [main] TRACE - Resolving type for handle ctfont14d8type
07:41:36.934 [main] TRACE - Resolving type for handle ctfills2c6ftype
07:41:36.935 [main] TRACE - Resolving type for handle ctfill550ctype
07:41:36.936 [main] TRACE - Resolving type for handle ctborders0d66type
07:41:36.937 [main] TRACE - Resolving type for handle ctborderf935type
07:41:36.939 [main] TRACE - Resolving type for handle ctcellxfs1322type
07:41:36.940 [main] TRACE - Resolving type for handle ctxf97f7type
07:41:36.942 [main] TRACE - Resolving type for handle ctcellstylexfsa81ftype
07:41:36.943 [main] TRACE - Resolving type for handle ctdxfsb26atype
07:41:36.944 [main] TRACE - Resolving type for handle cttablestyles872ftype
07:41:36.946 [main] TRACE - Resolving type for handle sstf81fdoctype
07:41:36.949 [main] TRACE - Resolving type for handle ctsst44f3type
07:41:36.953 [main] TRACE - Resolving type for handle ctrsta472type
07:41:36.962 [main] DEBUG - using default POIXMLDocumentPart for http://schemas.openxmlformats.org/officeDocument/2006/relationships/printerSettings
07:41:36.963 [main] TRACE - Resolving type for handle workbookec17doctype
07:41:36.966 [main] TRACE - Resolving type for handle ctworkbook83c3type
07:41:36.968 [main] TRACE - Resolving type for handle ctsheets49fdtype
07:41:36.969 [main] TRACE - Resolving type for handle ctsheet4dbetype
07:41:36.970 [main] TRACE - Resolving type for handle strelationshipid1e94type
07:41:36.972 [main] TRACE - Resolving type for handle worksheetf539doctype
07:41:36.975 [main] TRACE - Resolving type for handle ctworksheet530dtype
07:41:36.978 [main] TRACE - Resolving type for handle ctsheetdata8408type
07:41:36.979 [main] TRACE - Resolving type for handle ctrowdd39type
07:41:36.982 [main] TRACE - Resolving type for handle ctcell842btype
07:41:36.985 [main] TRACE - Resolving type for handle stcellrefe4e0type
07:41:36.988 [main] TRACE - Resolving type for handle ctcols627ctype
07:41:36.992 [main] TRACE - Resolving type for handle ctcola95ftype
07:41:37.001 [main] TRACE - Resolving type for handle cthyperlinks6416type
07:41:37.002 [main] TRACE - Resolving type for handle cthyperlink0c85type
07:41:37.004 [main] TRACE - Resolving type for handle stxstringf179type
07:41:37.005 [main] TRACE - Resolving type for handle stcelltypebf95type
07:41:40.286 [main] INFO  - Goto my account-->Click on Login.. 
07:41:40.680 [main] DEBUG - Parsing relationship: /xl/_rels/workbook.xml.rels
07:41:40.681 [main] DEBUG - Parsing relationship: /xl/worksheets/_rels/sheet1.xml.rels
07:41:40.683 [main] DEBUG - Parsing relationship: /_rels/.rels
07:41:40.696 [main] DEBUG - using default POIXMLDocumentPart for http://schemas.openxmlformats.org/officeDocument/2006/relationships/printerSettings
07:41:53.586 [main] INFO  - Goto my account-->Click on Login.. 
07:41:53.922 [main] DEBUG - Parsing relationship: /xl/_rels/workbook.xml.rels
07:41:53.922 [main] DEBUG - Parsing relationship: /xl/worksheets/_rels/sheet1.xml.rels
07:41:53.927 [main] DEBUG - Parsing relationship: /_rels/.rels
07:41:53.938 [main] DEBUG - using default POIXMLDocumentPart for http://schemas.openxmlformats.org/officeDocument/2006/relationships/printerSettings
07:41:57.504 [main] INFO  - Goto my account-->Click on Login.. 
07:41:57.830 [main] DEBUG - Parsing relationship: /xl/_rels/workbook.xml.rels
07:41:57.830 [main] DEBUG - Parsing relationship: /xl/worksheets/_rels/sheet1.xml.rels
07:41:57.831 [main] DEBUG - Parsing relationship: /_rels/.rels
07:41:57.839 [main] DEBUG - using default POIXMLDocumentPart for http://schemas.openxmlformats.org/officeDocument/2006/relationships/printerSettings
07:42:12.418 [main] INFO  - Goto my account-->Click on Login.. 
07:42:12.738 [main] DEBUG - Parsing relationship: /xl/_rels/workbook.xml.rels
07:42:12.739 [main] DEBUG - Parsing relationship: /xl/worksheets/_rels/sheet1.xml.rels
07:42:12.740 [main] DEBUG - Parsing relationship: /_rels/.rels
07:42:12.752 [main] DEBUG - using default POIXMLDocumentPart for http://schemas.openxmlformats.org/officeDocument/2006/relationships/printerSettings
07:50:58.998 [main] INFO  - Goto my account-->Click on Login.. 
07:50:59.321 [main] INFO  - Entering email and password.. 
07:50:59.944 [main] INFO  - clicked on login button...
07:51:02.286 [main] INFO  - Goto my account-->Click on Login.. 
07:51:02.609 [main] INFO  - Entering email and password.. 
07:51:03.143 [main] INFO  - clicked on login button...
07:51:05.692 [main] INFO  - Goto my account-->Click on Login.. 
07:51:06.025 [main] INFO  - Entering email and password.. 
07:51:06.699 [main] INFO  - clicked on login button...
07:51:08.812 [main] INFO  - Goto my account-->Click on Login.. 
07:51:09.240 [main] DEBUG - Parsing relationship: /xl/_rels/workbook.xml.rels
07:51:09.242 [main] DEBUG - Parsing relationship: /xl/worksheets/_rels/sheet1.xml.rels
07:51:09.243 [main] DEBUG - Parsing relationship: /_rels/.rels
07:51:09.331 [main] TRACE - Loading type system org.apache.poi.schemas.ooxml.system.ooxml
07:51:09.334 [main] TRACE - Loading type system org.apache.xmlbeans.metadata.system.sXMLCONFIG
07:51:09.334 [main] TRACE - Loading type system org.apache.xmlbeans.metadata.system.sXMLLANG
07:51:09.335 [main] TRACE - Loading type system org.apache.xmlbeans.metadata.system.sXMLSCHEMA
07:51:09.335 [main] TRACE - Loading type system org.apache.xmlbeans.metadata.system.sXMLTOOLS
07:51:09.335 [main] TRACE - Reading unresolved handles for type system org.apache.xmlbeans.metadata.system.sXMLTOOLS
07:51:09.342 [main] TRACE - Finished loading type system org.apache.xmlbeans.metadata.system.sXMLTOOLS
07:51:09.343 [main] TRACE - Reading unresolved handles for type system org.apache.xmlbeans.metadata.system.sXMLSCHEMA
07:51:09.346 [main] TRACE - Finished loading type system org.apache.xmlbeans.metadata.system.sXMLSCHEMA
07:51:09.346 [main] TRACE - Reading unresolved handles for type system org.apache.xmlbeans.metadata.system.sXMLLANG
07:51:09.347 [main] TRACE - Finished loading type system org.apache.xmlbeans.metadata.system.sXMLLANG
07:51:09.347 [main] TRACE - Reading unresolved handles for type system org.apache.xmlbeans.metadata.system.sXMLCONFIG
07:51:09.348 [main] TRACE - Finished loading type system org.apache.xmlbeans.metadata.system.sXMLCONFIG
07:51:09.348 [main] TRACE - Reading unresolved handles for type system org.apache.poi.schemas.ooxml.system.ooxml
07:51:09.380 [main] TRACE - Finished loading type system org.apache.poi.schemas.ooxml.system.ooxml
07:51:09.380 [main] TRACE - Resolving type for handle themefd26doctype
07:51:09.415 [main] TRACE - Resolving type for handle stylesheet5d8bdoctype
07:51:09.418 [main] TRACE - Resolving type for handle ctstylesheet4257type
07:51:09.421 [main] TRACE - Resolving type for handle ctfonts6623type
07:51:09.422 [main] TRACE - Resolving type for handle ctfont14d8type
07:51:09.425 [main] TRACE - Resolving type for handle ctfills2c6ftype
07:51:09.426 [main] TRACE - Resolving type for handle ctfill550ctype
07:51:09.427 [main] TRACE - Resolving type for handle ctborders0d66type
07:51:09.429 [main] TRACE - Resolving type for handle ctborderf935type
07:51:09.431 [main] TRACE - Resolving type for handle ctcellxfs1322type
07:51:09.432 [main] TRACE - Resolving type for handle ctxf97f7type
07:51:09.434 [main] TRACE - Resolving type for handle ctcellstylexfsa81ftype
07:51:09.436 [main] TRACE - Resolving type for handle ctdxfsb26atype
07:51:09.437 [main] TRACE - Resolving type for handle cttablestyles872ftype
07:51:09.440 [main] TRACE - Resolving type for handle sstf81fdoctype
07:51:09.443 [main] TRACE - Resolving type for handle ctsst44f3type
07:51:09.448 [main] TRACE - Resolving type for handle ctrsta472type
07:51:09.457 [main] DEBUG - using default POIXMLDocumentPart for http://schemas.openxmlformats.org/officeDocument/2006/relationships/printerSettings
07:51:09.458 [main] TRACE - Resolving type for handle workbookec17doctype
07:51:09.461 [main] TRACE - Resolving type for handle ctworkbook83c3type
07:51:09.463 [main] TRACE - Resolving type for handle ctsheets49fdtype
07:51:09.464 [main] TRACE - Resolving type for handle ctsheet4dbetype
07:51:09.465 [main] TRACE - Resolving type for handle strelationshipid1e94type
07:51:09.466 [main] TRACE - Resolving type for handle worksheetf539doctype
07:51:09.470 [main] TRACE - Resolving type for handle ctworksheet530dtype
07:51:09.472 [main] TRACE - Resolving type for handle ctsheetdata8408type
07:51:09.474 [main] TRACE - Resolving type for handle ctrowdd39type
07:51:09.476 [main] TRACE - Resolving type for handle ctcell842btype
07:51:09.479 [main] TRACE - Resolving type for handle stcellrefe4e0type
07:51:09.483 [main] TRACE - Resolving type for handle ctcols627ctype
07:51:09.485 [main] TRACE - Resolving type for handle ctcola95ftype
07:51:09.495 [main] TRACE - Resolving type for handle cthyperlinks6416type
07:51:09.496 [main] TRACE - Resolving type for handle cthyperlink0c85type
07:51:09.499 [main] TRACE - Resolving type for handle stxstringf179type
07:51:09.501 [main] TRACE - Resolving type for handle stcelltypebf95type
07:51:13.451 [main] INFO  - Goto my account-->Click on Login.. 
07:51:13.787 [main] DEBUG - Parsing relationship: /xl/_rels/workbook.xml.rels
07:51:13.788 [main] DEBUG - Parsing relationship: /xl/worksheets/_rels/sheet1.xml.rels
07:51:13.789 [main] DEBUG - Parsing relationship: /_rels/.rels
07:51:13.797 [main] DEBUG - using default POIXMLDocumentPart for http://schemas.openxmlformats.org/officeDocument/2006/relationships/printerSettings
07:51:27.829 [main] INFO  - Goto my account-->Click on Login.. 
07:51:28.154 [main] DEBUG - Parsing relationship: /xl/_rels/workbook.xml.rels
07:51:28.156 [main] DEBUG - Parsing relationship: /xl/worksheets/_rels/sheet1.xml.rels
07:51:28.159 [main] DEBUG - Parsing relationship: /_rels/.rels
07:51:28.184 [main] DEBUG - using default POIXMLDocumentPart for http://schemas.openxmlformats.org/officeDocument/2006/relationships/printerSettings
07:51:32.144 [main] INFO  - Goto my account-->Click on Login.. 
07:51:32.493 [main] DEBUG - Parsing relationship: /xl/_rels/workbook.xml.rels
07:51:32.494 [main] DEBUG - Parsing relationship: /xl/worksheets/_rels/sheet1.xml.rels
07:51:32.494 [main] DEBUG - Parsing relationship: /_rels/.rels
07:51:32.508 [main] DEBUG - using default POIXMLDocumentPart for http://schemas.openxmlformats.org/officeDocument/2006/relationships/printerSettings
07:51:45.880 [main] INFO  - Goto my account-->Click on Login.. 
07:51:46.205 [main] DEBUG - Parsing relationship: /xl/_rels/workbook.xml.rels
07:51:46.207 [main] DEBUG - Parsing relationship: /xl/worksheets/_rels/sheet1.xml.rels
07:51:46.209 [main] DEBUG - Parsing relationship: /_rels/.rels
07:51:46.225 [main] DEBUG - using default POIXMLDocumentPart for http://schemas.openxmlformats.org/officeDocument/2006/relationships/printerSettings
